# JRE version: OpenJDK Runtime Environment Temurin-21.0.10+7 (21.0.10+7) (build 21.0.10+7-LTS)
# Java VM: OpenJDK 64-Bit Server VM Temurin-21.0.10+7 (21.0.10+7-LTS, mixed mode, sharing, tiered, compressed oops, compressed class ptrs, parallel gc, windows-amd64)
GC Precious Log:
 CardTable entry size: 512
 CPUs: 8 total, 8 available
 Memory: 8051M
 Large Page Support: Disabled
 NUMA Support: Disabled
 Compressed Oops: Enabled (32-bit)
 Alignments: Space 512K, Generation 512K, Heap 2M
 Heap Min Capacity: 100M
 Heap Initial Capacity: 100M
 Heap Max Capacity: 2G
 Pre-touch: Disabled
 Parallel Workers: 8
Heap:
 PSYoungGen      total 19968K, used 5501K [0x00000000d5580000, 0x00000000d6e00000, 0x0000000100000000)
  eden space 18944K, 23% used [0x00000000d5580000,0x00000000d59e67c0,0x00000000d6800000)
  from space 1024K, 97% used [0x00000000d6a80000,0x00000000d6b78d58,0x00000000d6b80000)
  to   space 2560K, 0% used [0x00000000d6800000,0x00000000d6800000,0x00000000d6a80000)
 ParOldGen       total 73728K, used 73649K [0x0000000080000000, 0x0000000084800000, 0x00000000d5580000)
  object space 73728K, 99% used [0x0000000080000000,0x00000000847ec690,0x0000000084800000)
 Metaspace       used 20460K, committed 21440K, reserved 1114112K
  class space    used 1869K, committed 2240K, reserved 1048576K
GC Heap History (20 events):
Event: 536.323 GC heap before
{Heap before GC invocations=51 (full 0):
 PSYoungGen      total 20992K, used 20933K [0x00000000d5580000, 0x00000000d6c00000, 0x0000000100000000)
  eden space 19968K, 100% used [0x00000000d5580000,0x00000000d6900000,0x00000000d6900000)
  from space 1024K, 94% used [0x00000000d6b00000,0x00000000d6bf15c0,0x00000000d6c00000)
  to   space 1536K, 0% used [0x00000000d6900000,0x00000000d6900000,0x00000000d6a80000)
 ParOldGen       total 68608K, used 63114K [0x0000000080000000, 0x0000000084300000, 0x00000000d5580000)
  object space 68608K, 91% used [0x0000000080000000,0x0000000083da2860,0x0000000084300000)
 Metaspace       used 18440K, committed 19392K, reserved 1114112K
  class space    used 1630K, committed 1984K, reserved 1048576K
}
Event: 536.340 GC heap after
{Heap after GC invocations=51 (full 0):
 PSYoungGen      total 21504K, used 1529K [0x00000000d5580000, 0x00000000d6d00000, 0x0000000100000000)
  eden space 19968K, 0% used [0x00000000d5580000,0x00000000d5580000,0x00000000d6900000)
  from space 1536K, 99% used [0x00000000d6900000,0x00000000d6a7e500,0x00000000d6a80000)
  to   space 2048K, 0% used [0x00000000d6b00000,0x00000000d6b00000,0x00000000d6d00000)
 ParOldGen       total 68608K, used 63891K [0x0000000080000000, 0x0000000084300000, 0x00000000d5580000)
  object space 68608K, 93% used [0x0000000080000000,0x0000000083e64e98,0x0000000084300000)
 Metaspace       used 18440K, committed 19392K, reserved 1114112K
  class space    used 1630K, committed 1984K, reserved 1048576K
}
Event: 536.448 GC heap before
{Heap before GC invocations=52 (full 0):
 PSYoungGen      total 21504K, used 21497K [0x00000000d5580000, 0x00000000d6d00000, 0x0000000100000000)
  eden space 19968K, 100% used [0x00000000d5580000,0x00000000d6900000,0x00000000d6900000)
  from space 1536K, 99% used [0x00000000d6900000,0x00000000d6a7e500,0x00000000d6a80000)
  to   space 2048K, 0% used [0x00000000d6b00000,0x00000000d6b00000,0x00000000d6d00000)
 ParOldGen       total 68608K, used 63891K [0x0000000080000000, 0x0000000084300000, 0x00000000d5580000)
  object space 68608K, 93% used [0x0000000080000000,0x0000000083e64e98,0x0000000084300000)
 Metaspace       used 18450K, committed 19392K, reserved 1114112K
  class space    used 1630K, committed 1984K, reserved 1048576K
}
Event: 536.450 GC heap after
{Heap after GC invocations=52 (full 0):
 PSYoungGen      total 20992K, used 810K [0x00000000d5580000, 0x00000000d6c00000, 0x0000000100000000)
  eden space 19968K, 0% used [0x00000000d5580000,0x00000000d5580000,0x00000000d6900000)
  from space 1024K, 79% used [0x00000000d6b00000,0x00000000d6bca950,0x00000000d6c00000)
  to   space 1536K, 0% used [0x00000000d6900000,0x00000000d6900000,0x00000000d6a80000)
 ParOldGen       total 68608K, used 65320K [0x0000000080000000, 0x0000000084300000, 0x00000000d5580000)
  object space 68608K, 95% used [0x0000000080000000,0x0000000083fca250,0x0000000084300000)
 Metaspace       used 18450K, committed 19392K, reserved 1114112K
  class space    used 1630K, committed 1984K, reserved 1048576K
}
Event: 536.576 GC heap before
{Heap before GC invocations=53 (full 0):
 PSYoungGen      total 20992K, used 20778K [0x00000000d5580000, 0x00000000d6c00000, 0x0000000100000000)
  eden space 19968K, 100% used [0x00000000d5580000,0x00000000d6900000,0x00000000d6900000)
  from space 1024K, 79% used [0x00000000d6b00000,0x00000000d6bca950,0x00000000d6c00000)
  to   space 1536K, 0% used [0x00000000d6900000,0x00000000d6900000,0x00000000d6a80000)
 ParOldGen       total 68608K, used 65320K [0x0000000080000000, 0x0000000084300000, 0x00000000d5580000)
  object space 68608K, 95% used [0x0000000080000000,0x0000000083fca250,0x0000000084300000)
 Metaspace       used 18454K, committed 19392K, reserved 1114112K
  class space    used 1630K, committed 1984K, reserved 1048576K
}
Event: 536.582 GC heap after
{Heap after GC invocations=53 (full 0):
 PSYoungGen      total 21504K, used 1525K [0x00000000d5580000, 0x00000000d6f00000, 0x0000000100000000)
  eden space 19968K, 0% used [0x00000000d5580000,0x00000000d5580000,0x00000000d6900000)
  from space 1536K, 99% used [0x00000000d6900000,0x00000000d6a7d678,0x00000000d6a80000)
  to   space 3072K, 0% used [0x00000000d6c00000,0x00000000d6c00000,0x00000000d6f00000)
 ParOldGen       total 68608K, used 66376K [0x0000000080000000, 0x0000000084300000, 0x00000000d5580000)
  object space 68608K, 96% used [0x0000000080000000,0x00000000840d22c0,0x0000000084300000)
 Metaspace       used 18454K, committed 19392K, reserved 1114112K
  class space    used 1630K, committed 1984K, reserved 1048576K
}
Event: 536.618 GC heap before
{Heap before GC invocations=54 (full 0):
 PSYoungGen      total 21504K, used 21493K [0x00000000d5580000, 0x00000000d6f00000, 0x0000000100000000)
  eden space 19968K, 100% used [0x00000000d5580000,0x00000000d6900000,0x00000000d6900000)
  from space 1536K, 99% used [0x00000000d6900000,0x00000000d6a7d678,0x00000000d6a80000)
  to   space 3072K, 0% used [0x00000000d6c00000,0x00000000d6c00000,0x00000000d6f00000)
 ParOldGen       total 68608K, used 66376K [0x0000000080000000, 0x0000000084300000, 0x00000000d5580000)
  object space 68608K, 96% used [0x0000000080000000,0x00000000840d22c0,0x0000000084300000)
 Metaspace       used 18454K, committed 19392K, reserved 1114112K
  class space    used 1630K, committed 1984K, reserved 1048576K
}
Event: 536.619 GC heap after
{Heap after GC invocations=54 (full 0):
 PSYoungGen      total 20480K, used 480K [0x00000000d5580000, 0x00000000d6c80000, 0x0000000100000000)
  eden space 19968K, 0% used [0x00000000d5580000,0x00000000d5580000,0x00000000d6900000)
  from space 512K, 93% used [0x00000000d6c00000,0x00000000d6c78000,0x00000000d6c80000)
  to   space 1536K, 0% used [0x00000000d6980000,0x00000000d6980000,0x00000000d6b00000)
 ParOldGen       total 68608K, used 67878K [0x0000000080000000, 0x0000000084300000, 0x00000000d5580000)
  object space 68608K, 98% used [0x0000000080000000,0x0000000084249bc0,0x0000000084300000)
 Metaspace       used 18454K, committed 19392K, reserved 1114112K
  class space    used 1630K, committed 1984K, reserved 1048576K
}
Event: 536.708 GC heap before
{Heap before GC invocations=55 (full 0):
 PSYoungGen      total 20480K, used 20448K [0x00000000d5580000, 0x00000000d6c80000, 0x0000000100000000)
  eden space 19968K, 100% used [0x00000000d5580000,0x00000000d6900000,0x00000000d6900000)
  from space 512K, 93% used [0x00000000d6c00000,0x00000000d6c78000,0x00000000d6c80000)
  to   space 1536K, 0% used [0x00000000d6980000,0x00000000d6980000,0x00000000d6b00000)
 ParOldGen       total 68608K, used 67878K [0x0000000080000000, 0x0000000084300000, 0x00000000d5580000)
  object space 68608K, 98% used [0x0000000080000000,0x0000000084249bc0,0x0000000084300000)
 Metaspace       used 18458K, committed 19392K, reserved 1114112K
  class space    used 1630K, committed 1984K, reserved 1048576K
}
Event: 536.711 GC heap after
{Heap after GC invocations=55 (full 0):
 PSYoungGen      total 21504K, used 608K [0x00000000d5580000, 0x00000000d6c80000, 0x0000000100000000)
  eden space 19968K, 0% used [0x00000000d5580000,0x00000000d5580000,0x00000000d6900000)
  from space 1536K, 39% used [0x00000000d6980000,0x00000000d6a18000,0x00000000d6b00000)
  to   space 1024K, 0% used [0x00000000d6b80000,0x00000000d6b80000,0x00000000d6c80000)
 ParOldGen       total 68608K, used 68246K [0x0000000080000000, 0x0000000084300000, 0x00000000d5580000)
  object space 68608K, 99% used [0x0000000080000000,0x00000000842a5bc0,0x0000000084300000)
 Metaspace       used 18458K, committed 19392K, reserved 1114112K
  class space    used 1630K, committed 1984K, reserved 1048576K
}
Event: 536.822 GC heap before
{Heap before GC invocations=56 (full 0):
 PSYoungGen      total 21504K, used 20576K [0x00000000d5580000, 0x00000000d6c80000, 0x0000000100000000)
  eden space 19968K, 100% used [0x00000000d5580000,0x00000000d6900000,0x00000000d6900000)
  from space 1536K, 39% used [0x00000000d6980000,0x00000000d6a18000,0x00000000d6b00000)
  to   space 1024K, 0% used [0x00000000d6b80000,0x00000000d6b80000,0x00000000d6c80000)
 ParOldGen       total 68608K, used 68246K [0x0000000080000000, 0x0000000084300000, 0x00000000d5580000)
  object space 68608K, 99% used [0x0000000080000000,0x00000000842a5bc0,0x0000000084300000)
 Metaspace       used 18470K, committed 19456K, reserved 1114112K
  class space    used 1630K, committed 1984K, reserved 1048576K
}
Event: 536.826 GC heap after
{Heap after GC invocations=56 (full 0):
 PSYoungGen      total 20992K, used 1006K [0x00000000d5580000, 0x00000000d6e00000, 0x0000000100000000)
  eden space 19968K, 0% used [0x00000000d5580000,0x00000000d5580000,0x00000000d6900000)
  from space 1024K, 98% used [0x00000000d6b80000,0x00000000d6c7bb68,0x00000000d6c80000)
  to   space 2560K, 0% used [0x00000000d6900000,0x00000000d6900000,0x00000000d6b80000)
 ParOldGen       total 69632K, used 69500K [0x0000000080000000, 0x0000000084400000, 0x00000000d5580000)
  object space 69632K, 99% used [0x0000000080000000,0x00000000843df288,0x0000000084400000)
 Metaspace       used 18470K, committed 19456K, reserved 1114112K
  class space    used 1630K, committed 1984K, reserved 1048576K
}
Event: 537.183 GC heap before
{Heap before GC invocations=57 (full 0):
 PSYoungGen      total 20992K, used 20974K [0x00000000d5580000, 0x00000000d6e00000, 0x0000000100000000)
  eden space 19968K, 100% used [0x00000000d5580000,0x00000000d6900000,0x00000000d6900000)
  from space 1024K, 98% used [0x00000000d6b80000,0x00000000d6c7bb68,0x00000000d6c80000)
  to   space 2560K, 0% used [0x00000000d6900000,0x00000000d6900000,0x00000000d6b80000)
 ParOldGen       total 69632K, used 69500K [0x0000000080000000, 0x0000000084400000, 0x00000000d5580000)
  object space 69632K, 99% used [0x0000000080000000,0x00000000843df288,0x0000000084400000)
 Metaspace       used 18493K, committed 19456K, reserved 1114112K
  class space    used 1634K, committed 1984K, reserved 1048576K
}
Event: 537.189 GC heap after
{Heap after GC invocations=57 (full 0):
 PSYoungGen      total 22016K, used 1606K [0x00000000d5580000, 0x00000000d6d00000, 0x0000000100000000)
  eden space 19968K, 0% used [0x00000000d5580000,0x00000000d5580000,0x00000000d6900000)
  from space 2048K, 78% used [0x00000000d6900000,0x00000000d6a91ad8,0x00000000d6b00000)
  to   space 2048K, 0% used [0x00000000d6b00000,0x00000000d6b00000,0x00000000d6d00000)
 ParOldGen       total 70656K, used 70387K [0x0000000080000000, 0x0000000084500000, 0x00000000d5580000)
  object space 70656K, 99% used [0x0000000080000000,0x00000000844bcfe0,0x0000000084500000)
 Metaspace       used 18493K, committed 19456K, reserved 1114112K
  class space    used 1634K, committed 1984K, reserved 1048576K
}
Event: 539.169 GC heap before
{Heap before GC invocations=58 (full 0):
 PSYoungGen      total 22016K, used 21574K [0x00000000d5580000, 0x00000000d6d00000, 0x0000000100000000)
  eden space 19968K, 100% used [0x00000000d5580000,0x00000000d6900000,0x00000000d6900000)
  from space 2048K, 78% used [0x00000000d6900000,0x00000000d6a91ad8,0x00000000d6b00000)
  to   space 2048K, 0% used [0x00000000d6b00000,0x00000000d6b00000,0x00000000d6d00000)
 ParOldGen       total 70656K, used 70387K [0x0000000080000000, 0x0000000084500000, 0x00000000d5580000)
  object space 70656K, 99% used [0x0000000080000000,0x00000000844bcfe0,0x0000000084500000)
 Metaspace       used 19406K, committed 20352K, reserved 1114112K
  class space    used 1771K, committed 2112K, reserved 1048576K
}
Event: 539.181 GC heap after
{Heap after GC invocations=58 (full 0):
 PSYoungGen      total 21504K, used 1181K [0x00000000d5580000, 0x00000000d6c80000, 0x0000000100000000)
  eden space 19968K, 0% used [0x00000000d5580000,0x00000000d5580000,0x00000000d6900000)
  from space 1536K, 76% used [0x00000000d6b00000,0x00000000d6c27700,0x00000000d6c80000)
  to   space 1536K, 0% used [0x00000000d6980000,0x00000000d6980000,0x00000000d6b00000)
 ParOldGen       total 72192K, used 71852K [0x0000000080000000, 0x0000000084680000, 0x00000000d5580000)
  object space 72192K, 99% used [0x0000000080000000,0x000000008462b068,0x0000000084680000)
 Metaspace       used 19406K, committed 20352K, reserved 1114112K
  class space    used 1771K, committed 2112K, reserved 1048576K
}
Event: 547.313 GC heap before
{Heap before GC invocations=59 (full 0):
 PSYoungGen      total 21504K, used 21149K [0x00000000d5580000, 0x00000000d6c80000, 0x0000000100000000)
  eden space 19968K, 100% used [0x00000000d5580000,0x00000000d6900000,0x00000000d6900000)
  from space 1536K, 76% used [0x00000000d6b00000,0x00000000d6c27700,0x00000000d6c80000)
  to   space 1536K, 0% used [0x00000000d6980000,0x00000000d6980000,0x00000000d6b00000)
 ParOldGen       total 72192K, used 71852K [0x0000000080000000, 0x0000000084680000, 0x00000000d5580000)
  object space 72192K, 99% used [0x0000000080000000,0x000000008462b068,0x0000000084680000)
 Metaspace       used 19676K, committed 20608K, reserved 1114112K
  class space    used 1786K, committed 2112K, reserved 1048576K
}
Event: 547.328 GC heap after
{Heap after GC invocations=59 (full 0):
 PSYoungGen      total 20480K, used 352K [0x00000000d5580000, 0x00000000d6b80000, 0x0000000100000000)
  eden space 19968K, 0% used [0x00000000d5580000,0x00000000d5580000,0x00000000d6900000)
  from space 512K, 68% used [0x00000000d6980000,0x00000000d69d8000,0x00000000d6a00000)
  to   space 1024K, 0% used [0x00000000d6a80000,0x00000000d6a80000,0x00000000d6b80000)
 ParOldGen       total 73216K, used 72790K [0x0000000080000000, 0x0000000084780000, 0x00000000d5580000)
  object space 73216K, 99% used [0x0000000080000000,0x0000000084715ad8,0x0000000084780000)
 Metaspace       used 19676K, committed 20608K, reserved 1114112K
  class space    used 1786K, committed 2112K, reserved 1048576K
}
Event: 548.659 GC heap before
{Heap before GC invocations=60 (full 0):
 PSYoungGen      total 20480K, used 20320K [0x00000000d5580000, 0x00000000d6b80000, 0x0000000100000000)
  eden space 19968K, 100% used [0x00000000d5580000,0x00000000d6900000,0x00000000d6900000)
  from space 512K, 68% used [0x00000000d6980000,0x00000000d69d8000,0x00000000d6a00000)
  to   space 1024K, 0% used [0x00000000d6a80000,0x00000000d6a80000,0x00000000d6b80000)
 ParOldGen       total 73216K, used 72790K [0x0000000080000000, 0x0000000084780000, 0x00000000d5580000)
  object space 73216K, 99% used [0x0000000080000000,0x0000000084715ad8,0x0000000084780000)
 Metaspace       used 20178K, committed 21120K, reserved 1114112K
  class space    used 1836K, committed 2176K, reserved 1048576K
}
Event: 548.685 GC heap after
{Heap after GC invocations=60 (full 0):
 PSYoungGen      total 19968K, used 995K [0x00000000d5580000, 0x00000000d6e00000, 0x0000000100000000)
  eden space 18944K, 0% used [0x00000000d5580000,0x00000000d5580000,0x00000000d6800000)
  from space 1024K, 97% used [0x00000000d6a80000,0x00000000d6b78d58,0x00000000d6b80000)
  to   space 2560K, 0% used [0x00000000d6800000,0x00000000d6800000,0x00000000d6a80000)
 ParOldGen       total 73728K, used 73649K [0x0000000080000000, 0x0000000084800000, 0x00000000d5580000)
  object space 73728K, 99% used [0x0000000080000000,0x00000000847ec690,0x0000000084800000)
 Metaspace       used 20178K, committed 21120K, reserved 1114112K
  class space    used 1836K, committed 2176K, reserved 1048576K
}

